[2026-01-02 10:55:17.667] [INFO] 配置已加载
[2026-01-02 10:55:17.774] [INFO] 启用硬件加速
[2026-01-02 10:55:42.417] [INFO] 配置已保存
[2026-01-02 11:30:09.044] [INFO] 配置已加载
[2026-01-02 11:30:09.158] [INFO] 启用硬件加速
[2026-01-02 11:30:20.827] [INFO] 配置已保存
[2026-01-02 11:38:51.050] [INFO] 配置已加载
[2026-01-02 11:38:51.185] [INFO] 启用硬件加速
[2026-01-02 11:39:39.731] [INFO] 配置已保存
[2026-01-02 11:40:16.302] [INFO] 配置已加载
[2026-01-02 11:40:16.436] [INFO] 启用硬件加速
[2026-01-02 11:40:20.899] [INFO] 配置已保存
[2026-01-02 11:42:16.011] [INFO] 配置已加载
[2026-01-02 11:42:16.116] [INFO] 启用硬件加速
[2026-01-02 11:43:02.111] [INFO] 开始处理第 1/1 个时间范围：00:01:00 - 01:30:00
[2026-01-02 11:43:03.271] [WARNING] FFmpeg获取时长失败，使用OpenCV计算时长
[2026-01-02 11:43:03.312] [INFO] 开始检测广告，视频路径：D:\TRAE\视频音频转文字\疯狂动物城.mp4，广告时长：5340秒
[2026-01-02 11:43:04.512] [INFO] 成功提取 5 个广告特征帧
[2026-01-02 11:43:04.513] [INFO] 扫描步长：30帧，总帧数：196843，每1秒扫描一次
[2026-01-02 11:43:04.515] [INFO] 已保存广告起始帧到：D:\TRAE\20251226视频广告识别\VideoAdRemover\bin\Debug\net6.0-windows\screenshots_20260102114304\ad_start_frame_疯狂动物城_000100.png
[2026-01-02 11:43:04.517] [INFO] 已保存广告结束帧到：D:\TRAE\20251226视频广告识别\VideoAdRemover\bin\Debug\net6.0-windows\screenshots_20260102114304\ad_end_frame_疯狂动物城_013000.png
[2026-01-02 11:43:04.517] [INFO] 开始处理时间块 1/22，时间范围：00:00:00 - 00:04:59
[2026-01-02 11:43:05.027] [INFO] 帧：2700，时间：00 01 30，开始帧匹配率：87.12%，结束帧匹配率：91.70%
[2026-01-02 11:43:05.028] [INFO] 检测到疑似广告，帧：2700，时间：00 01 30，结束帧匹配率：91.70%
[2026-01-02 11:43:05.029] [INFO] 疑似广告验证 - 起始帧：2700，时间：00 01 30，直接判定为广告
[2026-01-02 11:43:05.030] [INFO] 广告验证通过，仅记录结束时间：90.00秒
[2026-01-02 11:43:05.084] [INFO] 帧：2160，时间：00 01 12，开始帧匹配率：92.80%，结束帧匹配率：90.91%
[2026-01-02 11:43:05.087] [INFO] 检测到疑似广告，帧：2160，时间：00 01 12，开始帧匹配率：92.80%
[2026-01-02 11:43:05.089] [INFO] 疑似广告验证 - 起始帧：2160，时间：00 01 12，直接判定为广告
[2026-01-02 11:43:05.092] [INFO] 广告验证通过，仅记录开始时间：72.00秒
[2026-01-02 11:43:05.267] [INFO] 帧：4860，时间：00 02 42，开始帧匹配率：91.15%，结束帧匹配率：92.59%
[2026-01-02 11:43:05.268] [INFO] 检测到疑似广告，帧：4860，时间：00 02 42，开始帧匹配率：91.15%
[2026-01-02 11:43:05.268] [INFO] 疑似广告验证 - 起始帧：4860，时间：00 02 42，直接判定为广告
[2026-01-02 11:43:05.269] [INFO] 广告验证通过，仅记录开始时间：162.00秒
[2026-01-02 11:43:05.281] [INFO] 帧：3780，时间：00 02 06，开始帧匹配率：88.87%，结束帧匹配率：89.50%
[2026-01-02 11:43:05.544] [INFO] 帧：7020，时间：00 03 54，开始帧匹配率：69.56%，结束帧匹配率：75.35%
[2026-01-02 11:43:05.551] [INFO] 帧：8100，时间：00 04 30，开始帧匹配率：59.55%，结束帧匹配率：66.68%
[2026-01-02 11:43:05.639] [INFO] 帧：5940，时间：00 03 18，开始帧匹配率：66.53%，结束帧匹配率：73.17%
[2026-01-02 11:43:06.602] [INFO] 帧：3810，时间：00 02 07，开始帧匹配率：88.75%，结束帧匹配率：89.72%
[2026-01-02 11:43:06.987] [INFO] 帧：3240，时间：00 01 48，开始帧匹配率：89.48%，结束帧匹配率：90.02%
[2026-01-02 11:43:06.989] [INFO] 检测到疑似广告，帧：3240，时间：00 01 48，结束帧匹配率：90.02%
[2026-01-02 11:43:06.992] [INFO] 疑似广告验证 - 起始帧：3240，时间：00 01 48，直接判定为广告
[2026-01-02 11:43:06.995] [INFO] 广告验证通过，仅记录结束时间：108.00秒
[2026-01-02 11:43:07.063] [INFO] 帧：6480，时间：00 03 36，开始帧匹配率：70.12%，结束帧匹配率：75.43%
[2026-01-02 11:43:07.208] [INFO] 帧：7050，时间：00 03 55，开始帧匹配率：60.88%，结束帧匹配率：66.38%
[2026-01-02 11:43:07.262] [INFO] 帧：4890，时间：00 02 43，开始帧匹配率：91.08%，结束帧匹配率：92.41%
[2026-01-02 11:43:07.264] [INFO] 检测到疑似广告，帧：4890，时间：00 02 43，开始帧匹配率：91.08%
[2026-01-02 11:43:07.265] [INFO] 疑似广告验证 - 起始帧：4890，时间：00 02 43，直接判定为广告
[2026-01-02 11:43:07.266] [INFO] 广告验证通过，仅记录开始时间：163.00秒
[2026-01-02 11:43:07.267] [INFO] 帧：5400，时间：00 03 00，开始帧匹配率：88.07%，结束帧匹配率：86.83%
[2026-01-02 11:43:07.357] [INFO] 帧：2190，时间：00 01 13，开始帧匹配率：93.04%，结束帧匹配率：90.24%
[2026-01-02 11:43:07.358] [INFO] 检测到疑似广告，帧：2190，时间：00 01 13，开始帧匹配率：93.04%
[2026-01-02 11:43:07.359] [INFO] 疑似广告验证 - 起始帧：2190，时间：00 01 13，直接判定为广告
[2026-01-02 11:43:07.359] [INFO] 广告验证通过，仅记录开始时间：73.00秒
[2026-01-02 11:43:07.366] [INFO] 帧：2730，时间：00 01 31，开始帧匹配率：87.00%，结束帧匹配率：91.65%
[2026-01-02 11:43:07.374] [INFO] 检测到疑似广告，帧：2730，时间：00 01 31，结束帧匹配率：91.65%
[2026-01-02 11:43:07.386] [INFO] 疑似广告验证 - 起始帧：2730，时间：00 01 31，直接判定为广告
[2026-01-02 11:43:07.395] [INFO] 广告验证通过，仅记录结束时间：91.00秒
[2026-01-02 11:43:07.573] [INFO] 帧：4320，时间：00 02 24，开始帧匹配率：88.45%，结束帧匹配率：88.68%
[2026-01-02 11:43:07.586] [INFO] 帧：5970，时间：00 03 19，开始帧匹配率：65.62%，结束帧匹配率：72.70%
[2026-01-02 11:43:07.608] [INFO] 帧：8130，时间：00 04 31，开始帧匹配率：59.08%，结束帧匹配率：66.19%
[2026-01-02 11:43:07.695] [INFO] 帧：7560，时间：00 04 12，开始帧匹配率：63.98%，结束帧匹配率：69.38%
[2026-01-02 11:43:08.033] [INFO] 帧：3270，时间：00 01 49，开始帧匹配率：89.33%，结束帧匹配率：90.05%
[2026-01-02 11:43:08.035] [INFO] 检测到疑似广告，帧：3270，时间：00 01 49，结束帧匹配率：90.05%
[2026-01-02 11:43:08.035] [INFO] 疑似广告验证 - 起始帧：3270，时间：00 01 49，直接判定为广告
[2026-01-02 11:43:08.036] [INFO] 广告验证通过，仅记录结束时间：109.00秒
[2026-01-02 11:43:08.135] [INFO] 帧：5430，时间：00 03 01，开始帧匹配率：88.37%，结束帧匹配率：86.89%
[2026-01-02 11:43:08.471] [INFO] 帧：3840，时间：00 02 08，开始帧匹配率：88.68%，结束帧匹配率：89.68%
[2026-01-02 11:43:08.545] [INFO] 帧：4350，时间：00 02 25，开始帧匹配率：88.47%，结束帧匹配率：88.64%
[2026-01-02 11:43:08.673] [INFO] 帧：7080，时间：00 03 56，开始帧匹配率：61.40%，结束帧匹配率：66.85%
[2026-01-02 11:43:08.758] [INFO] 帧：7590，时间：00 04 13，开始帧匹配率：62.23%，结束帧匹配率：67.83%
[2026-01-02 11:43:08.795] [INFO] 帧：4920，时间：00 02 44，开始帧匹配率：91.06%，结束帧匹配率：92.39%
[2026-01-02 11:43:08.798] [INFO] 检测到疑似广告，帧：4920，时间：00 02 44，开始帧匹配率：91.06%
[2026-01-02 11:43:08.798] [INFO] 疑似广告验证 - 起始帧：4920，时间：00 02 44，直接判定为广告
[2026-01-02 11:43:08.799] [INFO] 广告验证通过，仅记录开始时间：164.00秒
[2026-01-02 11:43:08.870] [INFO] 帧：6510，时间：00 03 37，开始帧匹配率：70.21%，结束帧匹配率：75.14%
[2026-01-02 11:43:08.959] [INFO] 帧：6000，时间：00 03 20，开始帧匹配率：66.32%，结束帧匹配率：73.07%
[2026-01-02 11:43:09.127] [INFO] 帧：3300，时间：00 01 50，开始帧匹配率：88.15%，结束帧匹配率：89.63%
[2026-01-02 11:43:09.194] [INFO] 帧：2220，时间：00 01 14，开始帧匹配率：93.02%，结束帧匹配率：89.99%
[2026-01-02 11:43:09.194] [INFO] 检测到疑似广告，帧：2220，时间：00 01 14，开始帧匹配率：93.02%
[2026-01-02 11:43:09.195] [INFO] 疑似广告验证 - 起始帧：2220，时间：00 01 14，直接判定为广告
[2026-01-02 11:43:09.195] [INFO] 广告验证通过，仅记录开始时间：74.00秒
[2026-01-02 11:43:09.472] [INFO] 帧：4380，时间：00 02 26，开始帧匹配率：88.56%，结束帧匹配率：89.00%
[2026-01-02 11:43:09.779] [INFO] 帧：3870，时间：00 02 09，开始帧匹配率：88.77%，结束帧匹配率：89.75%
[2026-01-02 11:43:09.788] [INFO] 帧：7620，时间：00 04 14，开始帧匹配率：60.53%，结束帧匹配率：66.02%
[2026-01-02 11:43:09.996] [INFO] 帧：7110，时间：00 03 57，开始帧匹配率：61.29%，结束帧匹配率：66.74%
[2026-01-02 11:43:10.297] [INFO] 帧：8160，时间：00 04 32，开始帧匹配率：58.89%，结束帧匹配率：65.93%
[2026-01-02 11:43:10.405] [INFO] 帧：3330，时间：00 01 51，开始帧匹配率：88.54%，结束帧匹配率：89.37%
[2026-01-02 11:43:10.442] [INFO] 帧：2250，时间：00 01 15，开始帧匹配率：93.17%，结束帧匹配率：90.06%
[2026-01-02 11:43:10.445] [INFO] 检测到疑似广告，帧：2250，时间：00 01 15，开始帧匹配率：93.17%
[2026-01-02 11:43:10.446] [INFO] 疑似广告验证 - 起始帧：2250，时间：00 01 15，直接判定为广告
[2026-01-02 11:43:10.447] [INFO] 广告验证通过，仅记录开始时间：75.00秒
[2026-01-02 11:43:10.595] [INFO] 帧：4410，时间：00 02 27，开始帧匹配率：88.52%，结束帧匹配率：88.86%
[2026-01-02 11:43:10.632] [INFO] 帧：6030，时间：00 03 21，开始帧匹配率：64.94%，结束帧匹配率：71.74%
[2026-01-02 11:43:10.847] [INFO] 帧：3900，时间：00 02 10，开始帧匹配率：89.17%，结束帧匹配率：90.29%
[2026-01-02 11:43:10.848] [INFO] 检测到疑似广告，帧：3900，时间：00 02 10，结束帧匹配率：90.29%
[2026-01-02 11:43:10.849] [INFO] 疑似广告验证 - 起始帧：3900，时间：00 02 10，直接判定为广告
[2026-01-02 11:43:10.849] [INFO] 广告验证通过，仅记录结束时间：130.00秒
[2026-01-02 11:43:11.089] [INFO] 帧：6060，时间：00 03 22，开始帧匹配率：65.23%，结束帧匹配率：71.57%
[2026-01-02 11:43:11.187] [INFO] 帧：2760，时间：00 01 32，开始帧匹配率：87.05%，结束帧匹配率：91.66%
[2026-01-02 11:43:11.199] [INFO] 检测到疑似广告，帧：2760，时间：00 01 32，结束帧匹配率：91.66%
[2026-01-02 11:43:11.202] [INFO] 疑似广告验证 - 起始帧：2760，时间：00 01 32，直接判定为广告
[2026-01-02 11:43:11.203] [INFO] 广告验证通过，仅记录结束时间：92.00秒
[2026-01-02 11:43:11.272] [INFO] 帧：6540，时间：00 03 38，开始帧匹配率：68.89%，结束帧匹配率：75.98%
[2026-01-02 11:43:11.394] [INFO] 帧：7650，时间：00 04 15，开始帧匹配率：60.74%，结束帧匹配率：66.22%
[2026-01-02 11:43:11.682] [INFO] 已请求停止检测...
[2026-01-02 11:43:11.735] [INFO] 帧：7140，时间：00 03 58，开始帧匹配率：61.39%，结束帧匹配率：66.85%
[2026-01-02 11:43:11.831] [INFO] 帧：3360，时间：00 01 52，开始帧匹配率：88.63%，结束帧匹配率：89.15%
[2026-01-02 11:43:11.883] [INFO] 帧：8190，时间：00 04 33，开始帧匹配率：60.25%，结束帧匹配率：67.05%
[2026-01-02 11:43:11.917] [INFO] 帧：2280，时间：00 01 16，开始帧匹配率：91.93%，结束帧匹配率：90.72%
[2026-01-02 11:43:11.918] [INFO] 检测到疑似广告，帧：2280，时间：00 01 16，开始帧匹配率：91.93%
[2026-01-02 11:43:11.918] [INFO] 疑似广告验证 - 起始帧：2280，时间：00 01 16，直接判定为广告
[2026-01-02 11:43:11.919] [INFO] 广告验证通过，仅记录开始时间：76.00秒
[2026-01-02 11:43:12.097] [INFO] 帧：3930，时间：00 02 11，开始帧匹配率：87.01%，结束帧匹配率：92.59%
[2026-01-02 11:43:12.099] [INFO] 检测到疑似广告，帧：3930，时间：00 02 11，结束帧匹配率：92.59%
[2026-01-02 11:43:12.100] [INFO] 疑似广告验证 - 起始帧：3930，时间：00 02 11，直接判定为广告
[2026-01-02 11:43:12.101] [INFO] 广告验证通过，仅记录结束时间：131.00秒
[2026-01-02 11:43:12.186] [INFO] 帧：5460，时间：00 03 02，开始帧匹配率：88.66%，结束帧匹配率：87.09%
[2026-01-02 11:43:12.671] [INFO] 帧：2790，时间：00 01 33，开始帧匹配率：84.01%，结束帧匹配率：90.39%
[2026-01-02 11:43:12.676] [INFO] 检测到疑似广告，帧：2790，时间：00 01 33，结束帧匹配率：90.39%
[2026-01-02 11:43:12.677] [INFO] 疑似广告验证 - 起始帧：2790，时间：00 01 33，直接判定为广告
[2026-01-02 11:43:12.678] [INFO] 帧：4440，时间：00 02 28，开始帧匹配率：88.50%，结束帧匹配率：88.80%
[2026-01-02 11:43:12.680] [INFO] 广告验证通过，仅记录结束时间：93.00秒
[2026-01-02 11:43:12.873] [INFO] 帧：6090，时间：00 03 23，开始帧匹配率：66.51%，结束帧匹配率：71.49%
[2026-01-02 11:43:12.970] [INFO] 帧：7680，时间：00 04 16，开始帧匹配率：75.44%，结束帧匹配率：82.33%
[2026-01-02 11:43:13.076] [INFO] 帧：6570，时间：00 03 39，开始帧匹配率：68.67%，结束帧匹配率：75.44%
[2026-01-02 11:43:13.468] [INFO] 帧：4950，时间：00 02 45，开始帧匹配率：90.95%，结束帧匹配率：92.35%
[2026-01-02 11:43:13.469] [INFO] 检测到疑似广告，帧：4950，时间：00 02 45，开始帧匹配率：90.95%
[2026-01-02 11:43:13.469] [INFO] 疑似广告验证 - 起始帧：4950，时间：00 02 45，直接判定为广告
[2026-01-02 11:43:13.469] [INFO] 广告验证通过，仅记录开始时间：165.00秒
[2026-01-02 11:43:13.492] [INFO] 检测已被用户取消，正在处理已有结果...
[2026-01-02 11:43:13.493] [INFO] 广告检测完成，共发现 17 个广告片段
[2026-01-02 11:43:13.493] [INFO] === 原始检测结果 ===
[2026-01-02 11:43:13.495] [INFO] 原始片段：开始时间 00:01:12
[2026-01-02 11:43:13.495] [INFO] 原始片段：开始时间 00:01:13
[2026-01-02 11:43:13.495] [INFO] 原始片段：开始时间 00:01:14
[2026-01-02 11:43:13.495] [INFO] 原始片段：开始时间 00:01:15
[2026-01-02 11:43:13.496] [INFO] 原始片段：开始时间 00:01:16
[2026-01-02 11:43:13.496] [INFO] 原始片段：开始时间 00:02:42
[2026-01-02 11:43:13.496] [INFO] 原始片段：开始时间 00:02:43
[2026-01-02 11:43:13.496] [INFO] 原始片段：开始时间 00:02:44
[2026-01-02 11:43:13.496] [INFO] 原始片段：开始时间 00:02:45
[2026-01-02 11:43:13.497] [INFO] 原始片段：结束时间 00:01:30
[2026-01-02 11:43:13.497] [INFO] 原始片段：结束时间 00:01:48
[2026-01-02 11:43:13.497] [INFO] 原始片段：结束时间 00:01:31
[2026-01-02 11:43:13.497] [INFO] 原始片段：结束时间 00:01:49
[2026-01-02 11:43:13.497] [INFO] 原始片段：结束时间 00:02:10
[2026-01-02 11:43:13.497] [INFO] 原始片段：结束时间 00:01:32
[2026-01-02 11:43:13.498] [INFO] 原始片段：结束时间 00:02:11
[2026-01-02 11:43:13.498] [INFO] 原始片段：结束时间 00:01:33
[2026-01-02 11:43:13.503] [INFO] === 合并后结果 ===
[2026-01-02 11:43:13.504] [INFO] 合并片段 1：开始时间 00:01:12，结束时间 00:02:11
[2026-01-02 11:43:13.504] [INFO] 完成处理第 1/1 个时间范围，共检测到 1 个广告片段
[2026-01-02 11:44:06.380] [INFO] 开始处理第 1/1 个时间范围：00:01:12 - 00:01:27
[2026-01-02 11:44:06.479] [WARNING] FFmpeg获取时长失败，使用OpenCV计算时长
[2026-01-02 11:44:06.518] [INFO] 开始检测广告，视频路径：D:\TRAE\视频音频转文字\疯狂动物城.mp4，广告时长：15秒
[2026-01-02 11:44:07.348] [INFO] 成功提取 5 个广告特征帧
[2026-01-02 11:44:07.348] [INFO] 扫描步长：30帧，总帧数：196843，每1秒扫描一次
[2026-01-02 11:44:07.350] [INFO] 已保存广告起始帧到：D:\TRAE\20251226视频广告识别\VideoAdRemover\bin\Debug\net6.0-windows\screenshots_20260102114407\ad_start_frame_疯狂动物城_000112.png
[2026-01-02 11:44:07.351] [INFO] 已保存广告结束帧到：D:\TRAE\20251226视频广告识别\VideoAdRemover\bin\Debug\net6.0-windows\screenshots_20260102114407\ad_end_frame_疯狂动物城_000127.png
[2026-01-02 11:44:07.352] [INFO] 开始处理时间块 1/22，时间范围：00:00:00 - 00:04:59
[2026-01-02 11:44:08.847] [INFO] 帧：2160，时间：00 01 12，开始帧匹配率：100.00%，结束帧匹配率：95.64%
[2026-01-02 11:44:08.850] [INFO] 检测到疑似广告，帧：2160，时间：00 01 12，开始帧匹配率：100.00%
[2026-01-02 11:44:08.854] [INFO] 疑似广告验证 - 起始帧：2160，时间：00 01 12，直接判定为广告
[2026-01-02 11:44:08.855] [INFO] 广告验证通过，仅记录开始时间：72.00秒
[2026-01-02 11:44:10.068] [INFO] 帧：2190，时间：00 01 13，开始帧匹配率：98.36%，结束帧匹配率：94.94%
[2026-01-02 11:44:10.071] [INFO] 检测到疑似广告，帧：2190，时间：00 01 13，开始帧匹配率：98.36%
[2026-01-02 11:44:10.078] [INFO] 疑似广告验证 - 起始帧：2190，时间：00 01 13，直接判定为广告
[2026-01-02 11:44:10.085] [INFO] 广告验证通过，仅记录开始时间：73.00秒
[2026-01-02 11:44:11.178] [INFO] 帧：2220，时间：00 01 14，开始帧匹配率：97.55%，结束帧匹配率：94.71%
[2026-01-02 11:44:11.180] [INFO] 检测到疑似广告，帧：2220，时间：00 01 14，开始帧匹配率：97.55%
[2026-01-02 11:44:11.182] [INFO] 疑似广告验证 - 起始帧：2220，时间：00 01 14，直接判定为广告
[2026-01-02 11:44:11.182] [INFO] 广告验证通过，仅记录开始时间：74.00秒
[2026-01-02 11:44:14.251] [INFO] 帧：2250，时间：00 01 15，开始帧匹配率：97.95%，结束帧匹配率：94.93%
[2026-01-02 11:44:14.252] [INFO] 检测到疑似广告，帧：2250，时间：00 01 15，开始帧匹配率：97.95%
[2026-01-02 11:44:14.253] [INFO] 疑似广告验证 - 起始帧：2250，时间：00 01 15，直接判定为广告
[2026-01-02 11:44:14.254] [INFO] 广告验证通过，仅记录开始时间：75.00秒
[2026-01-02 11:44:15.601] [INFO] 帧：2280，时间：00 01 16，开始帧匹配率：97.70%，结束帧匹配率：95.31%
[2026-01-02 11:44:15.605] [INFO] 检测到疑似广告，帧：2280，时间：00 01 16，开始帧匹配率：97.70%
[2026-01-02 11:44:15.611] [INFO] 疑似广告验证 - 起始帧：2280，时间：00 01 16，直接判定为广告
[2026-01-02 11:44:15.613] [INFO] 广告验证通过，仅记录开始时间：76.00秒
[2026-01-02 11:44:22.725] [INFO] 帧：2310，时间：00 01 17，开始帧匹配率：97.74%，结束帧匹配率：95.43%
[2026-01-02 11:44:22.727] [INFO] 检测到疑似广告，帧：2310，时间：00 01 17，开始帧匹配率：97.74%
[2026-01-02 11:44:22.730] [INFO] 疑似广告验证 - 起始帧：2310，时间：00 01 17，直接判定为广告
[2026-01-02 11:44:22.731] [INFO] 广告验证通过，仅记录开始时间：77.00秒
[2026-01-02 11:44:23.832] [INFO] 帧：2340，时间：00 01 18，开始帧匹配率：97.66%，结束帧匹配率：95.59%
[2026-01-02 11:44:23.833] [INFO] 检测到疑似广告，帧：2340，时间：00 01 18，开始帧匹配率：97.66%
[2026-01-02 11:44:23.833] [INFO] 疑似广告验证 - 起始帧：2340，时间：00 01 18，直接判定为广告
[2026-01-02 11:44:23.834] [INFO] 广告验证通过，仅记录开始时间：78.00秒
[2026-01-02 11:44:26.450] [INFO] 帧：2370，时间：00 01 19，开始帧匹配率：97.65%，结束帧匹配率：95.73%
[2026-01-02 11:44:26.451] [INFO] 检测到疑似广告，帧：2370，时间：00 01 19，开始帧匹配率：97.65%
[2026-01-02 11:44:26.452] [INFO] 疑似广告验证 - 起始帧：2370，时间：00 01 19，直接判定为广告
[2026-01-02 11:44:26.452] [INFO] 广告验证通过，仅记录开始时间：79.00秒
[2026-01-02 11:44:27.634] [INFO] 帧：2400，时间：00 01 20，开始帧匹配率：97.65%，结束帧匹配率：95.66%
[2026-01-02 11:44:27.635] [INFO] 检测到疑似广告，帧：2400，时间：00 01 20，开始帧匹配率：97.65%
[2026-01-02 11:44:27.637] [INFO] 疑似广告验证 - 起始帧：2400，时间：00 01 20，直接判定为广告
[2026-01-02 11:44:27.640] [INFO] 广告验证通过，仅记录开始时间：80.00秒
[2026-01-02 11:44:28.985] [INFO] 帧：2430，时间：00 01 21，开始帧匹配率：97.92%，结束帧匹配率：96.11%
[2026-01-02 11:44:28.986] [INFO] 检测到疑似广告，帧：2430，时间：00 01 21，开始帧匹配率：97.92%
[2026-01-02 11:44:28.987] [INFO] 疑似广告验证 - 起始帧：2430，时间：00 01 21，直接判定为广告
[2026-01-02 11:44:28.987] [INFO] 广告验证通过，仅记录开始时间：81.00秒
[2026-01-02 11:44:31.265] [INFO] 帧：2460，时间：00 01 22，开始帧匹配率：97.88%，结束帧匹配率：96.16%
[2026-01-02 11:44:31.269] [INFO] 检测到疑似广告，帧：2460，时间：00 01 22，开始帧匹配率：97.88%
[2026-01-02 11:44:31.271] [INFO] 疑似广告验证 - 起始帧：2460，时间：00 01 22，直接判定为广告
[2026-01-02 11:44:31.271] [INFO] 广告验证通过，仅记录开始时间：82.00秒
[2026-01-02 11:44:35.252] [INFO] 帧：2490，时间：00 01 23，开始帧匹配率：97.90%，结束帧匹配率：96.16%
[2026-01-02 11:44:35.252] [INFO] 检测到疑似广告，帧：2490，时间：00 01 23，开始帧匹配率：97.90%
[2026-01-02 11:44:35.253] [INFO] 疑似广告验证 - 起始帧：2490，时间：00 01 23，直接判定为广告
[2026-01-02 11:44:35.254] [INFO] 广告验证通过，仅记录开始时间：83.00秒
[2026-01-02 11:44:39.261] [INFO] 帧：2610，时间：00 01 27，开始帧匹配率：95.64%，结束帧匹配率：100.00%
[2026-01-02 11:44:39.262] [INFO] 检测到疑似广告，帧：2610，时间：00 01 27，开始帧匹配率：95.64%
[2026-01-02 11:44:39.262] [INFO] 疑似广告验证 - 起始帧：2610，时间：00 01 27，直接判定为广告
[2026-01-02 11:44:39.263] [INFO] 广告验证通过，仅记录开始时间：87.00秒
[2026-01-02 11:44:39.940] [INFO] 帧：2520，时间：00 01 24，开始帧匹配率：95.66%，结束帧匹配率：99.62%
[2026-01-02 11:44:39.941] [INFO] 检测到疑似广告，帧：2520，时间：00 01 24，开始帧匹配率：95.66%
[2026-01-02 11:44:39.941] [INFO] 疑似广告验证 - 起始帧：2520，时间：00 01 24，直接判定为广告
[2026-01-02 11:44:39.942] [INFO] 广告验证通过，仅记录开始时间：84.00秒
[2026-01-02 11:44:41.220] [INFO] 帧：2550，时间：00 01 25，开始帧匹配率：95.64%，结束帧匹配率：99.61%
[2026-01-02 11:44:41.221] [INFO] 检测到疑似广告，帧：2550，时间：00 01 25，开始帧匹配率：95.64%
[2026-01-02 11:44:41.222] [INFO] 疑似广告验证 - 起始帧：2550，时间：00 01 25，直接判定为广告
[2026-01-02 11:44:41.223] [INFO] 广告验证通过，仅记录开始时间：85.00秒
[2026-01-02 11:44:42.348] [INFO] 帧：2580，时间：00 01 26，开始帧匹配率：95.64%，结束帧匹配率：99.79%
[2026-01-02 11:44:42.351] [INFO] 检测到疑似广告，帧：2580，时间：00 01 26，开始帧匹配率：95.64%
[2026-01-02 11:44:42.352] [INFO] 疑似广告验证 - 起始帧：2580，时间：00 01 26，直接判定为广告
[2026-01-02 11:44:42.352] [INFO] 广告验证通过，仅记录开始时间：86.00秒
[2026-01-02 11:44:44.992] [INFO] 已请求停止检测...
[2026-01-02 11:44:45.106] [INFO] 检测已被用户取消，正在处理已有结果...
[2026-01-02 11:44:45.106] [INFO] 广告检测完成，共发现 16 个广告片段
[2026-01-02 11:44:45.107] [INFO] === 原始检测结果 ===
[2026-01-02 11:44:45.107] [INFO] 原始片段：开始时间 00:01:12
[2026-01-02 11:44:45.107] [INFO] 原始片段：开始时间 00:01:13
[2026-01-02 11:44:45.107] [INFO] 原始片段：开始时间 00:01:14
[2026-01-02 11:44:45.108] [INFO] 原始片段：开始时间 00:01:15
[2026-01-02 11:44:45.108] [INFO] 原始片段：开始时间 00:01:16
[2026-01-02 11:44:45.108] [INFO] 原始片段：开始时间 00:01:17
[2026-01-02 11:44:45.108] [INFO] 原始片段：开始时间 00:01:18
[2026-01-02 11:44:45.109] [INFO] 原始片段：开始时间 00:01:19
[2026-01-02 11:44:45.109] [INFO] 原始片段：开始时间 00:01:20
[2026-01-02 11:44:45.109] [INFO] 原始片段：开始时间 00:01:21
[2026-01-02 11:44:45.109] [INFO] 原始片段：开始时间 00:01:22
[2026-01-02 11:44:45.109] [INFO] 原始片段：开始时间 00:01:23
[2026-01-02 11:44:45.109] [INFO] 原始片段：开始时间 00:01:24
[2026-01-02 11:44:45.110] [INFO] 原始片段：开始时间 00:01:25
[2026-01-02 11:44:45.110] [INFO] 原始片段：开始时间 00:01:26
[2026-01-02 11:44:45.110] [INFO] 原始片段：开始时间 00:01:27
[2026-01-02 11:44:45.110] [INFO] === 合并后结果 ===
[2026-01-02 11:44:45.111] [INFO] 合并片段 1：开始时间 00:01:12，结束时间 00:01:27
[2026-01-02 11:44:45.111] [INFO] 完成处理第 1/1 个时间范围，共检测到 1 个广告片段
[2026-01-02 11:46:23.114] [INFO] 配置已保存
[2026-01-02 11:46:47.652] [INFO] 配置已加载
[2026-01-02 11:46:47.758] [INFO] 启用硬件加速
[2026-01-02 11:47:01.419] [INFO] 配置已保存
[2026-01-02 11:47:03.238] [INFO] 配置已加载
[2026-01-02 11:47:03.337] [INFO] 启用硬件加速
[2026-01-02 11:47:13.091] [INFO] 配置已保存
[2026-01-02 13:07:56.676] [INFO] 配置已加载
[2026-01-02 13:07:56.783] [INFO] 启用硬件加速
[2026-01-02 13:08:34.751] [INFO] 配置已保存
[2026-01-02 13:08:57.844] [INFO] 配置已加载
[2026-01-02 13:08:58.001] [INFO] 启用硬件加速
[2026-01-02 13:09:04.103] [INFO] 配置已保存
